<?xml version="1.0" encoding="UTF-8"?>
<!-- Generated by org.testng.reporters.JUnitReportReporter -->
<testsuite skipped="4" hostname="Administrator" name="by.htp.testng.AppTest" tests="5" failures="0" timestamp="19 дек 2017 22:31:27 GMT" time="18.719" errors="0">
  <testcase name="isLoginCorrect" time="18.719" classname="by.htp.testng.AppTest"/>
  <testcase name="googleTitleTest" classname="by.htp.testng.AppTest">
    <skipped/>
  </testcase> <!-- googleTitleTest -->
  <testcase name="itAcademy" classname="by.htp.testng.AppTest">
    <skipped/>
  </testcase> <!-- itAcademy -->
  <testcase name="tutMainNewsTest" classname="by.htp.testng.AppTest">
    <skipped/>
  </testcase> <!-- tutMainNewsTest -->
  <testcase name="isTitleGoogleTest" classname="by.htp.testng.AppTest">
    <skipped/>
  </testcase> <!-- isTitleGoogleTest -->
</testsuite> <!-- by.htp.testng.AppTest -->
