<?xml version="1.0" encoding="UTF-8"?>
<!-- Generated by org.testng.reporters.JUnitReportReporter -->
<testsuite skipped="0" hostname="Administrator" name="by.htp.testng.QuizTest" tests="9" failures="0" timestamp="19 дек 2017 22:20:13 GMT" time="70.492" errors="0">
  <testcase name="itAcademy" time="4.745" classname="by.htp.testng.QuizTest"/>
  <testcase name="isTitleGoogleTest" time="1.849" classname="by.htp.testng.QuizTest"/>
  <testcase name="repeatedName" time="9.730" classname="by.htp.testng.QuizTest"/>
  <testcase name="tutMainNewsTest" time="14.482" classname="by.htp.testng.QuizTest"/>
  <testcase name="noName" time="9.522" classname="by.htp.testng.QuizTest"/>
  <testcase name="noEmail" time="8.456" classname="by.htp.testng.QuizTest"/>
  <testcase name="noPassword" time="10.028" classname="by.htp.testng.QuizTest"/>
  <testcase name="wrongEmail" time="9.471" classname="by.htp.testng.QuizTest"/>
  <testcase name="googleTitleTest" time="2.209" classname="by.htp.testng.QuizTest"/>
</testsuite> <!-- by.htp.testng.QuizTest -->
