<?xml version="1.0" encoding="UTF-8"?>
<!-- Generated by org.testng.reporters.JUnitReportReporter -->
<testsuite skipped="0" hostname="ECHTP-55-16" name="by.htp.testng.testng_study.AppTest" tests="2" failures="0" timestamp="08 дек 2017 16:44:20 GMT" time="0.000" errors="0">
  <testcase name="test2" time="0.000" classname="by.htp.testng.testng_study.AppTest"/>
  <testcase name="test1" time="0.000" classname="by.htp.testng.testng_study.AppTest"/>
</testsuite> <!-- by.htp.testng.testng_study.AppTest -->
